0 info it worked if it ends with ok
<<<<<<< HEAD
1 verbose cli [ '/usr/bin/nodejs', '/usr/bin/npm', 'run', 'build' ]
2 info using npm@3.10.10
3 info using node@v7.2.1
4 verbose stack Error: missing script: build
4 verbose stack     at run (/usr/lib/node_modules/npm/lib/run-script.js:151:19)
4 verbose stack     at /usr/lib/node_modules/npm/lib/run-script.js:61:5
4 verbose stack     at /usr/lib/node_modules/npm/node_modules/read-package-json/read-json.js:356:5
4 verbose stack     at checkBinReferences_ (/usr/lib/node_modules/npm/node_modules/read-package-json/read-json.js:320:45)
4 verbose stack     at final (/usr/lib/node_modules/npm/node_modules/read-package-json/read-json.js:354:3)
4 verbose stack     at then (/usr/lib/node_modules/npm/node_modules/read-package-json/read-json.js:124:5)
4 verbose stack     at ReadFileContext.<anonymous> (/usr/lib/node_modules/npm/node_modules/read-package-json/read-json.js:295:20)
4 verbose stack     at ReadFileContext.callback (/usr/lib/node_modules/npm/node_modules/graceful-fs/graceful-fs.js:78:16)
4 verbose stack     at FSReqWrap.readFileAfterOpen [as oncomplete] (fs.js:335:13)
5 verbose cwd /media/paurvi/32300AFA300AC4B7/workspace/vagrant-xenial64-node6-mongo3.2-master/CI_temp/server
6 error Linux 4.4.0-59-generic
7 error argv "/usr/bin/nodejs" "/usr/bin/npm" "run" "build"
8 error node v7.2.1
9 error npm  v3.10.10
10 error missing script: build
11 error If you need help, you may report this error at:
11 error     <https://github.com/npm/npm/issues>
12 verbose exit [ 1, true ]
=======
1 verbose cli [ '/usr/bin/nodejs', '/usr/bin/npm', 'run', 'start' ]
2 info using npm@3.10.10
3 info using node@v7.2.1
4 verbose run-script [ 'prestart', 'start', 'poststart' ]
5 info lifecycle ciproject@1.0.0~prestart: ciproject@1.0.0
6 silly lifecycle ciproject@1.0.0~prestart: no script for prestart, continuing
7 info lifecycle ciproject@1.0.0~start: ciproject@1.0.0
8 verbose lifecycle ciproject@1.0.0~start: unsafe-perm in lifecycle true
9 verbose lifecycle ciproject@1.0.0~start: PATH: /usr/lib/node_modules/npm/bin/node-gyp-bin:/media/julia/6292CC9592CC6EDB/workspace/Temp/my integrate/server/node_modules/.bin:/usr/local/lib/npm/bin:/usr/local/sbin:/usr/local/bin:/usr/sbin:/usr/bin:/sbin:/bin:/usr/games:/usr/local/games:/snap/bin
10 verbose lifecycle ciproject@1.0.0~start: CWD: /media/julia/6292CC9592CC6EDB/workspace/Temp/my integrate/server
11 silly lifecycle ciproject@1.0.0~start: Args: [ '-c', 'node app.js' ]
12 silly lifecycle ciproject@1.0.0~start: Returned: code: 1  signal: null
13 info lifecycle ciproject@1.0.0~start: Failed to exec start script
14 verbose stack Error: ciproject@1.0.0 start: `node app.js`
14 verbose stack Exit status 1
14 verbose stack     at EventEmitter.<anonymous> (/usr/lib/node_modules/npm/lib/utils/lifecycle.js:255:16)
14 verbose stack     at emitTwo (events.js:106:13)
14 verbose stack     at EventEmitter.emit (events.js:191:7)
14 verbose stack     at ChildProcess.<anonymous> (/usr/lib/node_modules/npm/lib/utils/spawn.js:40:14)
14 verbose stack     at emitTwo (events.js:106:13)
14 verbose stack     at ChildProcess.emit (events.js:191:7)
14 verbose stack     at maybeClose (internal/child_process.js:885:16)
14 verbose stack     at Process.ChildProcess._handle.onexit (internal/child_process.js:226:5)
15 verbose pkgid ciproject@1.0.0
16 verbose cwd /media/julia/6292CC9592CC6EDB/workspace/Temp/my integrate/server
17 error Linux 4.4.0-53-generic
18 error argv "/usr/bin/nodejs" "/usr/bin/npm" "run" "start"
19 error node v7.2.1
20 error npm  v3.10.10
21 error code ELIFECYCLE
22 error ciproject@1.0.0 start: `node app.js`
22 error Exit status 1
23 error Failed at the ciproject@1.0.0 start script 'node app.js'.
23 error Make sure you have the latest version of node.js and npm installed.
23 error If you do, this is most likely a problem with the ciproject package,
23 error not with npm itself.
23 error Tell the author that this fails on your system:
23 error     node app.js
23 error You can get information on how to open an issue for this project with:
23 error     npm bugs ciproject
23 error Or if that isn't available, you can get their info via:
23 error     npm owner ls ciproject
23 error There is likely additional logging output above.
24 verbose exit [ 1, true ]
>>>>>>> c6a92ecba82db2f3d9ec400677f3c20fb9233528
